<?xml version="1.0" encoding="UTF-8"?><testsuite errors="1" failures="0" name="com.test.tutorial.serenity.features.authetication.WhenAuthenticating" skipped="0" tests="1" time="0.12" timestamp="2018-04-103 01:07:53"><testcase classname="com.test.tutorial.serenity.features.authetication.WhenAuthenticating" name="Should be able to login as admin"><error message="Could not instantiate class org.openqa.selenium.chrome.ChromeDriver" type="net.thucydides.core.webdriver.UnsupportedDriverException">Could not instantiate class org.openqa.selenium.chrome.ChromeDriver</error><system-err>Could not instantiate class org.openqa.selenium.chrome.ChromeDriver&#13;
com.test.tutorial.serenity.steps.DecohereUser.isOnTheHomePage(DecohereUser.java:20)&#13;
com.test.tutorial.serenity.features.authetication.WhenAuthenticating.shouldBeAbleToLoginAsAdmin(WhenAuthenticating.java:21)&#13;
</system-err></testcase></testsuite>